{"/Users/dimitar/Projects/react-redux-starter/src/scripts/actions/actions.js":{"path":"/Users/dimitar/Projects/react-redux-starter/src/scripts/actions/actions.js","s":{"1":1,"2":1,"3":0},"b":{},"f":{},"fnMap":{},"statementMap":{"1":{"start":{"line":3,"column":0},"end":{"line":3,"column":97}},"2":{"start":{"line":5,"column":0},"end":{"line":5,"column":44}},"3":{"start":{"line":7,"column":0},"end":{"line":7,"column":57}}},"branchMap":{}},"/Users/dimitar/Projects/react-redux-starter/src/scripts/actions/actionTypes.js":{"path":"/Users/dimitar/Projects/react-redux-starter/src/scripts/actions/actionTypes.js","s":{"1":1,"2":1,"3":0,"4":0,"5":0},"b":{},"f":{},"fnMap":{},"statementMap":{"1":{"start":{"line":3,"column":0},"end":{"line":5,"column":3}},"2":{"start":{"line":7,"column":0},"end":{"line":7,"column":50}},"3":{"start":{"line":12,"column":0},"end":{"line":12,"column":17}},"4":{"start":{"line":14,"column":0},"end":{"line":14,"column":67}},"5":{"start":{"line":15,"column":0},"end":{"line":15,"column":36}}},"branchMap":{}}}